APP/build/intermediates/manifest_merge_blame_file/debug/manifest-merger-blame-debug-report.txt
1<?xml version="1.0" encoding="utf-8"?>
2<manifest xmlns:android="http://schemas.android.com/apk/res/android"
3    package="com.pqsolutions.hdd_monitor"
4    android:versionCode="1"
5    android:versionName="1.0" >
6
7    <uses-sdk
8        android:minSdkVersion="29"
9        android:targetSdkVersion="34" />
10
11    <!-- Permisos necesarios para la aplicación -->
12    <uses-permission android:name="android.permission.INTERNET" />
12-->src\main\AndroidManifest.xml:6:5-67
12-->src\main\AndroidManifest.xml:6:22-64
13    <uses-permission android:name="android.permission.POST_NOTIFICATIONS" />
13-->src\main\AndroidManifest.xml:7:5-77
13-->src\main\AndroidManifest.xml:7:22-74
14    <uses-permission android:name="android.permission.ACCESS_NETWORK_STATE" />
14-->src\main\AndroidManifest.xml:8:5-79
14-->src\main\AndroidManifest.xml:8:22-76
15    <uses-permission android:name="android.permission.VIBRATE" />
15-->src\main\AndroidManifest.xml:9:5-66
15-->src\main\AndroidManifest.xml:9:22-63
16    <uses-permission android:name="com.google.android.c2dm.permission.RECEIVE" />
16-->src\main\AndroidManifest.xml:10:5-82
16-->src\main\AndroidManifest.xml:10:22-79
17    <uses-permission android:name="android.permission.WAKE_LOCK" />
17-->[androidx.work:work-runtime:2.9.1] AndroidManifest.xml:23:5-68
17-->[androidx.work:work-runtime:2.9.1] AndroidManifest.xml:23:22-65
18    <uses-permission android:name="android.permission.RECEIVE_BOOT_COMPLETED" />
18-->[androidx.work:work-runtime:2.9.1] AndroidManifest.xml:25:5-81
18-->[androidx.work:work-runtime:2.9.1] AndroidManifest.xml:25:22-78
19    <uses-permission android:name="android.permission.FOREGROUND_SERVICE" />
19-->[androidx.work:work-runtime:2.9.1] AndroidManifest.xml:26:5-77
19-->[androidx.work:work-runtime:2.9.1] AndroidManifest.xml:26:22-74
20    <uses-permission android:name="com.google.android.gms.permission.AD_ID" />
20-->[com.google.android.gms:play-services-measurement-api:21.6.1] AndroidManifest.xml:25:5-79
20-->[com.google.android.gms:play-services-measurement-api:21.6.1] AndroidManifest.xml:25:22-76
21    <uses-permission android:name="android.permission.ACCESS_ADSERVICES_ATTRIBUTION" />
21-->[com.google.android.gms:play-services-measurement-api:21.6.1] AndroidManifest.xml:26:5-88
21-->[com.google.android.gms:play-services-measurement-api:21.6.1] AndroidManifest.xml:26:22-85
22    <uses-permission android:name="android.permission.ACCESS_ADSERVICES_AD_ID" />
22-->[com.google.android.gms:play-services-measurement-api:21.6.1] AndroidManifest.xml:27:5-82
22-->[com.google.android.gms:play-services-measurement-api:21.6.1] AndroidManifest.xml:27:22-79
23    <uses-permission android:name="com.google.android.providers.gsf.permission.READ_GSERVICES" />
23-->[com.google.android.recaptcha:recaptcha:18.4.0] AndroidManifest.xml:9:5-98
23-->[com.google.android.recaptcha:recaptcha:18.4.0] AndroidManifest.xml:9:22-95
24    <uses-permission android:name="com.google.android.finsky.permission.BIND_GET_INSTALL_REFERRER_SERVICE" />
24-->[com.google.android.gms:play-services-measurement:21.6.1] AndroidManifest.xml:26:5-110
24-->[com.google.android.gms:play-services-measurement:21.6.1] AndroidManifest.xml:26:22-107
25
26    <permission
26-->[androidx.core:core:1.13.1] AndroidManifest.xml:22:5-24:47
27        android:name="com.pqsolutions.hdd_monitor.DYNAMIC_RECEIVER_NOT_EXPORTED_PERMISSION"
27-->[androidx.core:core:1.13.1] AndroidManifest.xml:23:9-81
28        android:protectionLevel="signature" />
28-->[androidx.core:core:1.13.1] AndroidManifest.xml:24:9-44
29
30    <uses-permission android:name="com.pqsolutions.hdd_monitor.DYNAMIC_RECEIVER_NOT_EXPORTED_PERMISSION" />
30-->[androidx.core:core:1.13.1] AndroidManifest.xml:26:5-97
30-->[androidx.core:core:1.13.1] AndroidManifest.xml:26:22-94
31
32    <application
32-->src\main\AndroidManifest.xml:12:5-59:19
33        android:name="com.pqsolutions.hdd_monitor.HddApplication"
33-->src\main\AndroidManifest.xml:13:9-39
34        android:allowBackup="true"
34-->src\main\AndroidManifest.xml:14:9-35
35        android:appComponentFactory="androidx.core.app.CoreComponentFactory"
35-->[androidx.core:core:1.13.1] AndroidManifest.xml:28:18-86
36        android:dataExtractionRules="@xml/data_extraction_rules"
36-->src\main\AndroidManifest.xml:15:9-65
37        android:debuggable="true"
38        android:enableOnBackInvokedCallback="true"
38-->src\main\AndroidManifest.xml:23:9-51
39        android:extractNativeLibs="false"
40        android:fullBackupContent="@xml/backup_rules"
40-->src\main\AndroidManifest.xml:16:9-54
41        android:icon="@mipmap/ic_launcher"
41-->src\main\AndroidManifest.xml:18:9-43
42        android:label="@string/app_name"
42-->src\main\AndroidManifest.xml:17:9-41
43        android:roundIcon="@mipmap/ic_launcher_round"
43-->src\main\AndroidManifest.xml:19:9-54
44        android:supportsRtl="true"
44-->src\main\AndroidManifest.xml:20:9-35
45        android:theme="@style/Theme.HDD1_2"
45-->src\main\AndroidManifest.xml:21:9-44
46        android:usesCleartextTraffic="false" >
46-->src\main\AndroidManifest.xml:22:9-45
47        <meta-data
47-->src\main\AndroidManifest.xml:26:9-28:69
48            android:name="com.google.android.gms.version"
48-->src\main\AndroidManifest.xml:27:13-58
49            android:value="@integer/google_play_services_version" />
49-->src\main\AndroidManifest.xml:28:13-66
50        <meta-data
50-->src\main\AndroidManifest.xml:30:9-32:44
51            android:name="com.google.firebase.messaging.default_notification_channel_id"
51-->src\main\AndroidManifest.xml:31:13-89
52            android:value="event_status" />
52-->src\main\AndroidManifest.xml:32:13-41
53        <meta-data
53-->src\main\AndroidManifest.xml:34:9-36:60
54            android:name="com.google.firebase.messaging.default_notification_icon"
54-->src\main\AndroidManifest.xml:35:13-83
55            android:resource="@drawable/ic_notification" />
55-->src\main\AndroidManifest.xml:36:13-57
56
57        <activity
57-->src\main\AndroidManifest.xml:38:9-48:20
58            android:name="com.pqsolutions.hdd_monitor.presentation.MainActivity"
58-->src\main\AndroidManifest.xml:39:13-54
59            android:exported="true"
59-->src\main\AndroidManifest.xml:40:13-36
60            android:launchMode="singleTask"
60-->src\main\AndroidManifest.xml:43:13-44
61            android:theme="@style/Theme.HDD1_2"
61-->src\main\AndroidManifest.xml:41:13-48
62            android:windowSoftInputMode="adjustResize" >
62-->src\main\AndroidManifest.xml:42:13-55
63            <intent-filter>
63-->src\main\AndroidManifest.xml:44:13-47:29
64                <action android:name="android.intent.action.MAIN" />
64-->src\main\AndroidManifest.xml:45:17-69
64-->src\main\AndroidManifest.xml:45:25-66
65
66                <category android:name="android.intent.category.LAUNCHER" />
66-->src\main\AndroidManifest.xml:46:17-77
66-->src\main\AndroidManifest.xml:46:27-74
67            </intent-filter>
68        </activity>
69
70        <service
70-->src\main\AndroidManifest.xml:50:9-57:19
71            android:name="com.pqsolutions.hdd_monitor.service.MessagingService"
71-->src\main\AndroidManifest.xml:51:13-53
72            android:directBootAware="true"
72-->src\main\AndroidManifest.xml:53:13-43
73            android:exported="false" >
73-->src\main\AndroidManifest.xml:52:13-37
74            <intent-filter>
74-->src\main\AndroidManifest.xml:54:13-56:29
75                <action android:name="com.google.firebase.MESSAGING_EVENT" />
75-->src\main\AndroidManifest.xml:55:17-78
75-->src\main\AndroidManifest.xml:55:25-75
76            </intent-filter>
77        </service>
78        <service
78-->[androidx.room:room-runtime:2.6.1] AndroidManifest.xml:24:9-28:63
79            android:name="androidx.room.MultiInstanceInvalidationService"
79-->[androidx.room:room-runtime:2.6.1] AndroidManifest.xml:25:13-74
80            android:directBootAware="true"
80-->[androidx.room:room-runtime:2.6.1] AndroidManifest.xml:26:13-43
81            android:exported="false" />
81-->[androidx.room:room-runtime:2.6.1] AndroidManifest.xml:27:13-37
82
83        <provider
83-->[androidx.work:work-runtime:2.9.1] AndroidManifest.xml:29:9-37:20
84            android:name="androidx.startup.InitializationProvider"
84-->[androidx.work:work-runtime:2.9.1] AndroidManifest.xml:30:13-67
85            android:authorities="com.pqsolutions.hdd_monitor.androidx-startup"
85-->[androidx.work:work-runtime:2.9.1] AndroidManifest.xml:31:13-68
86            android:exported="false" >
86-->[androidx.work:work-runtime:2.9.1] AndroidManifest.xml:32:13-37
87            <meta-data
87-->[androidx.work:work-runtime:2.9.1] AndroidManifest.xml:34:13-36:52
88                android:name="androidx.work.WorkManagerInitializer"
88-->[androidx.work:work-runtime:2.9.1] AndroidManifest.xml:35:17-68
89                android:value="androidx.startup" />
89-->[androidx.work:work-runtime:2.9.1] AndroidManifest.xml:36:17-49
90            <meta-data
90-->[androidx.emoji2:emoji2:1.3.0] AndroidManifest.xml:29:13-31:52
91                android:name="androidx.emoji2.text.EmojiCompatInitializer"
91-->[androidx.emoji2:emoji2:1.3.0] AndroidManifest.xml:30:17-75
92                android:value="androidx.startup" />
92-->[androidx.emoji2:emoji2:1.3.0] AndroidManifest.xml:31:17-49
93            <meta-data
93-->[androidx.lifecycle:lifecycle-process:2.8.6] AndroidManifest.xml:29:13-31:52
94                android:name="androidx.lifecycle.ProcessLifecycleInitializer"
94-->[androidx.lifecycle:lifecycle-process:2.8.6] AndroidManifest.xml:30:17-78
95                android:value="androidx.startup" />
95-->[androidx.lifecycle:lifecycle-process:2.8.6] AndroidManifest.xml:31:17-49
96            <meta-data
96-->[androidx.profileinstaller:profileinstaller:1.3.1] AndroidManifest.xml:29:13-31:52
97                android:name="androidx.profileinstaller.ProfileInstallerInitializer"
97-->[androidx.profileinstaller:profileinstaller:1.3.1] AndroidManifest.xml:30:17-85
98                android:value="androidx.startup" />
98-->[androidx.profileinstaller:profileinstaller:1.3.1] AndroidManifest.xml:31:17-49
99        </provider>
100
101        <service
101-->[androidx.work:work-runtime:2.9.1] AndroidManifest.xml:39:9-45:35
102            android:name="androidx.work.impl.background.systemalarm.SystemAlarmService"
102-->[androidx.work:work-runtime:2.9.1] AndroidManifest.xml:40:13-88
103            android:directBootAware="false"
103-->[androidx.work:work-runtime:2.9.1] AndroidManifest.xml:41:13-44
104            android:enabled="@bool/enable_system_alarm_service_default"
104-->[androidx.work:work-runtime:2.9.1] AndroidManifest.xml:42:13-72
105            android:exported="false" />
105-->[androidx.work:work-runtime:2.9.1] AndroidManifest.xml:43:13-37
106        <service
106-->[androidx.work:work-runtime:2.9.1] AndroidManifest.xml:46:9-52:35
107            android:name="androidx.work.impl.background.systemjob.SystemJobService"
107-->[androidx.work:work-runtime:2.9.1] AndroidManifest.xml:47:13-84
108            android:directBootAware="false"
108-->[androidx.work:work-runtime:2.9.1] AndroidManifest.xml:48:13-44
109            android:enabled="@bool/enable_system_job_service_default"
109-->[androidx.work:work-runtime:2.9.1] AndroidManifest.xml:49:13-70
110            android:exported="true"
110-->[androidx.work:work-runtime:2.9.1] AndroidManifest.xml:50:13-36
111            android:permission="android.permission.BIND_JOB_SERVICE" />
111-->[androidx.work:work-runtime:2.9.1] AndroidManifest.xml:51:13-69
112        <service
112-->[androidx.work:work-runtime:2.9.1] AndroidManifest.xml:53:9-59:35
113            android:name="androidx.work.impl.foreground.SystemForegroundService"
113-->[androidx.work:work-runtime:2.9.1] AndroidManifest.xml:54:13-81
114            android:directBootAware="false"
114-->[androidx.work:work-runtime:2.9.1] AndroidManifest.xml:55:13-44
115            android:enabled="@bool/enable_system_foreground_service_default"
115-->[androidx.work:work-runtime:2.9.1] AndroidManifest.xml:56:13-77
116            android:exported="false" />
116-->[androidx.work:work-runtime:2.9.1] AndroidManifest.xml:57:13-37
117
118        <receiver
118-->[androidx.work:work-runtime:2.9.1] AndroidManifest.xml:61:9-66:35
119            android:name="androidx.work.impl.utils.ForceStopRunnable$BroadcastReceiver"
119-->[androidx.work:work-runtime:2.9.1] AndroidManifest.xml:62:13-88
120            android:directBootAware="false"
120-->[androidx.work:work-runtime:2.9.1] AndroidManifest.xml:63:13-44
121            android:enabled="true"
121-->[androidx.work:work-runtime:2.9.1] AndroidManifest.xml:64:13-35
122            android:exported="false" />
122-->[androidx.work:work-runtime:2.9.1] AndroidManifest.xml:65:13-37
123        <receiver
123-->[androidx.work:work-runtime:2.9.1] AndroidManifest.xml:67:9-77:20
124            android:name="androidx.work.impl.background.systemalarm.ConstraintProxy$BatteryChargingProxy"
124-->[androidx.work:work-runtime:2.9.1] AndroidManifest.xml:68:13-106
125            android:directBootAware="false"
125-->[androidx.work:work-runtime:2.9.1] AndroidManifest.xml:69:13-44
126            android:enabled="false"
126-->[androidx.work:work-runtime:2.9.1] AndroidManifest.xml:70:13-36
127            android:exported="false" >
127-->[androidx.work:work-runtime:2.9.1] AndroidManifest.xml:71:13-37
128            <intent-filter>
128-->[androidx.work:work-runtime:2.9.1] AndroidManifest.xml:73:13-76:29
129                <action android:name="android.intent.action.ACTION_POWER_CONNECTED" />
129-->[androidx.work:work-runtime:2.9.1] AndroidManifest.xml:74:17-87
129-->[androidx.work:work-runtime:2.9.1] AndroidManifest.xml:74:25-84
130                <action android:name="android.intent.action.ACTION_POWER_DISCONNECTED" />
130-->[androidx.work:work-runtime:2.9.1] AndroidManifest.xml:75:17-90
130-->[androidx.work:work-runtime:2.9.1] AndroidManifest.xml:75:25-87
131            </intent-filter>
132        </receiver>
133        <receiver
133-->[androidx.work:work-runtime:2.9.1] AndroidManifest.xml:78:9-88:20
134            android:name="androidx.work.impl.background.systemalarm.ConstraintProxy$BatteryNotLowProxy"
134-->[androidx.work:work-runtime:2.9.1] AndroidManifest.xml:79:13-104
135            android:directBootAware="false"
135-->[androidx.work:work-runtime:2.9.1] AndroidManifest.xml:80:13-44
136            android:enabled="false"
136-->[androidx.work:work-runtime:2.9.1] AndroidManifest.xml:81:13-36
137            android:exported="false" >
137-->[androidx.work:work-runtime:2.9.1] AndroidManifest.xml:82:13-37
138            <intent-filter>
138-->[androidx.work:work-runtime:2.9.1] AndroidManifest.xml:84:13-87:29
139                <action android:name="android.intent.action.BATTERY_OKAY" />
139-->[androidx.work:work-runtime:2.9.1] AndroidManifest.xml:85:17-77
139-->[androidx.work:work-runtime:2.9.1] AndroidManifest.xml:85:25-74
140                <action android:name="android.intent.action.BATTERY_LOW" />
140-->[androidx.work:work-runtime:2.9.1] AndroidManifest.xml:86:17-76
140-->[androidx.work:work-runtime:2.9.1] AndroidManifest.xml:86:25-73
141            </intent-filter>
142        </receiver>
143        <receiver
143-->[androidx.work:work-runtime:2.9.1] AndroidManifest.xml:89:9-99:20
144            android:name="androidx.work.impl.background.systemalarm.ConstraintProxy$StorageNotLowProxy"
144-->[androidx.work:work-runtime:2.9.1] AndroidManifest.xml:90:13-104
145            android:directBootAware="false"
145-->[androidx.work:work-runtime:2.9.1] AndroidManifest.xml:91:13-44
146            android:enabled="false"
146-->[androidx.work:work-runtime:2.9.1] AndroidManifest.xml:92:13-36
147            android:exported="false" >
147-->[androidx.work:work-runtime:2.9.1] AndroidManifest.xml:93:13-37
148            <intent-filter>
148-->[androidx.work:work-runtime:2.9.1] AndroidManifest.xml:95:13-98:29
149                <action android:name="android.intent.action.DEVICE_STORAGE_LOW" />
149-->[androidx.work:work-runtime:2.9.1] AndroidManifest.xml:96:17-83
149-->[androidx.work:work-runtime:2.9.1] AndroidManifest.xml:96:25-80
150                <action android:name="android.intent.action.DEVICE_STORAGE_OK" />
150-->[androidx.work:work-runtime:2.9.1] AndroidManifest.xml:97:17-82
150-->[androidx.work:work-runtime:2.9.1] AndroidManifest.xml:97:25-79
151            </intent-filter>
152        </receiver>
153        <receiver
153-->[androidx.work:work-runtime:2.9.1] AndroidManifest.xml:100:9-109:20
154            android:name="androidx.work.impl.background.systemalarm.ConstraintProxy$NetworkStateProxy"
154-->[androidx.work:work-runtime:2.9.1] AndroidManifest.xml:101:13-103
155            android:directBootAware="false"
155-->[androidx.work:work-runtime:2.9.1] AndroidManifest.xml:102:13-44
156            android:enabled="false"
156-->[androidx.work:work-runtime:2.9.1] AndroidManifest.xml:103:13-36
157            android:exported="false" >
157-->[androidx.work:work-runtime:2.9.1] AndroidManifest.xml:104:13-37
158            <intent-filter>
158-->[androidx.work:work-runtime:2.9.1] AndroidManifest.xml:106:13-108:29
159                <action android:name="android.net.conn.CONNECTIVITY_CHANGE" />
159-->[androidx.work:work-runtime:2.9.1] AndroidManifest.xml:107:17-79
159-->[androidx.work:work-runtime:2.9.1] AndroidManifest.xml:107:25-76
160            </intent-filter>
161        </receiver>
162        <receiver
162-->[androidx.work:work-runtime:2.9.1] AndroidManifest.xml:110:9-121:20
163            android:name="androidx.work.impl.background.systemalarm.RescheduleReceiver"
163-->[androidx.work:work-runtime:2.9.1] AndroidManifest.xml:111:13-88
164            android:directBootAware="false"
164-->[androidx.work:work-runtime:2.9.1] AndroidManifest.xml:112:13-44
165            android:enabled="false"
165-->[androidx.work:work-runtime:2.9.1] AndroidManifest.xml:113:13-36
166            android:exported="false" >
166-->[androidx.work:work-runtime:2.9.1] AndroidManifest.xml:114:13-37
167            <intent-filter>
167-->[androidx.work:work-runtime:2.9.1] AndroidManifest.xml:116:13-120:29
168                <action android:name="android.intent.action.BOOT_COMPLETED" />
168-->[androidx.work:work-runtime:2.9.1] AndroidManifest.xml:117:17-79
168-->[androidx.work:work-runtime:2.9.1] AndroidManifest.xml:117:25-76
169                <action android:name="android.intent.action.TIME_SET" />
169-->[androidx.work:work-runtime:2.9.1] AndroidManifest.xml:118:17-73
169-->[androidx.work:work-runtime:2.9.1] AndroidManifest.xml:118:25-70
170                <action android:name="android.intent.action.TIMEZONE_CHANGED" />
170-->[androidx.work:work-runtime:2.9.1] AndroidManifest.xml:119:17-81
170-->[androidx.work:work-runtime:2.9.1] AndroidManifest.xml:119:25-78
171            </intent-filter>
172        </receiver>
173        <receiver
173-->[androidx.work:work-runtime:2.9.1] AndroidManifest.xml:122:9-131:20
174            android:name="androidx.work.impl.background.systemalarm.ConstraintProxyUpdateReceiver"
174-->[androidx.work:work-runtime:2.9.1] AndroidManifest.xml:123:13-99
175            android:directBootAware="false"
175-->[androidx.work:work-runtime:2.9.1] AndroidManifest.xml:124:13-44
176            android:enabled="@bool/enable_system_alarm_service_default"
176-->[androidx.work:work-runtime:2.9.1] AndroidManifest.xml:125:13-72
177            android:exported="false" >
177-->[androidx.work:work-runtime:2.9.1] AndroidManifest.xml:126:13-37
178            <intent-filter>
178-->[androidx.work:work-runtime:2.9.1] AndroidManifest.xml:128:13-130:29
179                <action android:name="androidx.work.impl.background.systemalarm.UpdateProxies" />
179-->[androidx.work:work-runtime:2.9.1] AndroidManifest.xml:129:17-98
179-->[androidx.work:work-runtime:2.9.1] AndroidManifest.xml:129:25-95
180            </intent-filter>
181        </receiver>
182        <receiver
182-->[androidx.work:work-runtime:2.9.1] AndroidManifest.xml:132:9-142:20
183            android:name="androidx.work.impl.diagnostics.DiagnosticsReceiver"
183-->[androidx.work:work-runtime:2.9.1] AndroidManifest.xml:133:13-78
184            android:directBootAware="false"
184-->[androidx.work:work-runtime:2.9.1] AndroidManifest.xml:134:13-44
185            android:enabled="true"
185-->[androidx.work:work-runtime:2.9.1] AndroidManifest.xml:135:13-35
186            android:exported="true"
186-->[androidx.work:work-runtime:2.9.1] AndroidManifest.xml:136:13-36
187            android:permission="android.permission.DUMP" >
187-->[androidx.work:work-runtime:2.9.1] AndroidManifest.xml:137:13-57
188            <intent-filter>
188-->[androidx.work:work-runtime:2.9.1] AndroidManifest.xml:139:13-141:29
189                <action android:name="androidx.work.diagnostics.REQUEST_DIAGNOSTICS" />
189-->[androidx.work:work-runtime:2.9.1] AndroidManifest.xml:140:17-88
189-->[androidx.work:work-runtime:2.9.1] AndroidManifest.xml:140:25-85
190            </intent-filter>
191        </receiver>
192
193        <activity
193-->[com.google.android.gms:play-services-auth:21.2.0] AndroidManifest.xml:23:9-27:75
194            android:name="com.google.android.gms.auth.api.signin.internal.SignInHubActivity"
194-->[com.google.android.gms:play-services-auth:21.2.0] AndroidManifest.xml:24:13-93
195            android:excludeFromRecents="true"
195-->[com.google.android.gms:play-services-auth:21.2.0] AndroidManifest.xml:25:13-46
196            android:exported="false"
196-->[com.google.android.gms:play-services-auth:21.2.0] AndroidManifest.xml:26:13-37
197            android:theme="@android:style/Theme.Translucent.NoTitleBar" />
197-->[com.google.android.gms:play-services-auth:21.2.0] AndroidManifest.xml:27:13-72
198        <!--
199            Service handling Google Sign-In user revocation. For apps that do not integrate with
200            Google Sign-In, this service will never be started.
201        -->
202        <service
202-->[com.google.android.gms:play-services-auth:21.2.0] AndroidManifest.xml:33:9-37:51
203            android:name="com.google.android.gms.auth.api.signin.RevocationBoundService"
203-->[com.google.android.gms:play-services-auth:21.2.0] AndroidManifest.xml:34:13-89
204            android:exported="true"
204-->[com.google.android.gms:play-services-auth:21.2.0] AndroidManifest.xml:35:13-36
205            android:permission="com.google.android.gms.auth.api.signin.permission.REVOCATION_NOTIFICATION"
205-->[com.google.android.gms:play-services-auth:21.2.0] AndroidManifest.xml:36:13-107
206            android:visibleToInstantApps="true" />
206-->[com.google.android.gms:play-services-auth:21.2.0] AndroidManifest.xml:37:13-48
207        <service
207-->[com.google.firebase:firebase-auth-ktx:22.3.1] AndroidManifest.xml:8:9-14:19
208            android:name="com.google.firebase.components.ComponentDiscoveryService"
208-->[com.google.firebase:firebase-auth-ktx:22.3.1] AndroidManifest.xml:9:13-84
209            android:directBootAware="true"
209-->[com.google.firebase:firebase-common:20.4.3] AndroidManifest.xml:32:13-43
210            android:exported="false" >
210-->[com.google.firebase:firebase-auth-ktx:22.3.1] AndroidManifest.xml:10:13-37
211            <meta-data
211-->[com.google.firebase:firebase-auth-ktx:22.3.1] AndroidManifest.xml:11:13-13:85
212                android:name="com.google.firebase.components:com.google.firebase.auth.ktx.FirebaseAuthLegacyRegistrar"
212-->[com.google.firebase:firebase-auth-ktx:22.3.1] AndroidManifest.xml:12:17-119
213                android:value="com.google.firebase.components.ComponentRegistrar" />
213-->[com.google.firebase:firebase-auth-ktx:22.3.1] AndroidManifest.xml:13:17-82
214            <meta-data
214-->[com.google.firebase:firebase-auth:22.3.1] AndroidManifest.xml:69:13-71:85
215                android:name="com.google.firebase.components:com.google.firebase.auth.FirebaseAuthRegistrar"
215-->[com.google.firebase:firebase-auth:22.3.1] AndroidManifest.xml:70:17-109
216                android:value="com.google.firebase.components.ComponentRegistrar" />
216-->[com.google.firebase:firebase-auth:22.3.1] AndroidManifest.xml:71:17-82
217            <meta-data
217-->[com.google.firebase:firebase-functions-ktx:20.4.0] AndroidManifest.xml:12:13-14:85
218                android:name="com.google.firebase.components:com.google.firebase.functions.ktx.FirebaseFunctionsLegacyRegistrar"
218-->[com.google.firebase:firebase-functions-ktx:20.4.0] AndroidManifest.xml:13:17-129
219                android:value="com.google.firebase.components.ComponentRegistrar" />
219-->[com.google.firebase:firebase-functions-ktx:20.4.0] AndroidManifest.xml:14:17-82
220            <meta-data
220-->[com.google.firebase:firebase-functions:20.4.0] AndroidManifest.xml:15:13-17:85
221                android:name="com.google.firebase.components:com.google.firebase.functions.FirebaseFunctionsKtxRegistrar"
221-->[com.google.firebase:firebase-functions:20.4.0] AndroidManifest.xml:16:17-122
222                android:value="com.google.firebase.components.ComponentRegistrar" />
222-->[com.google.firebase:firebase-functions:20.4.0] AndroidManifest.xml:17:17-82
223            <meta-data
223-->[com.google.firebase:firebase-functions:20.4.0] AndroidManifest.xml:18:13-20:85
224                android:name="com.google.firebase.components:com.google.firebase.functions.FunctionsRegistrar"
224-->[com.google.firebase:firebase-functions:20.4.0] AndroidManifest.xml:19:17-111
225                android:value="com.google.firebase.components.ComponentRegistrar" />
225-->[com.google.firebase:firebase-functions:20.4.0] AndroidManifest.xml:20:17-82
226            <meta-data
226-->[com.google.firebase:firebase-firestore-ktx:24.11.0] AndroidManifest.xml:12:13-14:85
227                android:name="com.google.firebase.components:com.google.firebase.firestore.ktx.FirebaseFirestoreLegacyRegistrar"
227-->[com.google.firebase:firebase-firestore-ktx:24.11.0] AndroidManifest.xml:13:17-129
228                android:value="com.google.firebase.components.ComponentRegistrar" />
228-->[com.google.firebase:firebase-firestore-ktx:24.11.0] AndroidManifest.xml:14:17-82
229            <meta-data
229-->[com.google.firebase:firebase-firestore:24.11.0] AndroidManifest.xml:17:13-19:85
230                android:name="com.google.firebase.components:com.google.firebase.firestore.FirebaseFirestoreKtxRegistrar"
230-->[com.google.firebase:firebase-firestore:24.11.0] AndroidManifest.xml:18:17-122
231                android:value="com.google.firebase.components.ComponentRegistrar" />
231-->[com.google.firebase:firebase-firestore:24.11.0] AndroidManifest.xml:19:17-82
232            <meta-data
232-->[com.google.firebase:firebase-firestore:24.11.0] AndroidManifest.xml:20:13-22:85
233                android:name="com.google.firebase.components:com.google.firebase.firestore.FirestoreRegistrar"
233-->[com.google.firebase:firebase-firestore:24.11.0] AndroidManifest.xml:21:17-111
234                android:value="com.google.firebase.components.ComponentRegistrar" />
234-->[com.google.firebase:firebase-firestore:24.11.0] AndroidManifest.xml:22:17-82
235            <meta-data
235-->[com.google.firebase:firebase-messaging-ktx:23.4.1] AndroidManifest.xml:26:13-28:85
236                android:name="com.google.firebase.components:com.google.firebase.messaging.ktx.FirebaseMessagingLegacyRegistrar"
236-->[com.google.firebase:firebase-messaging-ktx:23.4.1] AndroidManifest.xml:27:17-129
237                android:value="com.google.firebase.components.ComponentRegistrar" />
237-->[com.google.firebase:firebase-messaging-ktx:23.4.1] AndroidManifest.xml:28:17-82
238            <meta-data
238-->[com.google.firebase:firebase-messaging:23.4.1] AndroidManifest.xml:57:13-59:85
239                android:name="com.google.firebase.components:com.google.firebase.messaging.FirebaseMessagingKtxRegistrar"
239-->[com.google.firebase:firebase-messaging:23.4.1] AndroidManifest.xml:58:17-122
240                android:value="com.google.firebase.components.ComponentRegistrar" />
240-->[com.google.firebase:firebase-messaging:23.4.1] AndroidManifest.xml:59:17-82
241            <meta-data
241-->[com.google.firebase:firebase-messaging:23.4.1] AndroidManifest.xml:60:13-62:85
242                android:name="com.google.firebase.components:com.google.firebase.messaging.FirebaseMessagingRegistrar"
242-->[com.google.firebase:firebase-messaging:23.4.1] AndroidManifest.xml:61:17-119
243                android:value="com.google.firebase.components.ComponentRegistrar" />
243-->[com.google.firebase:firebase-messaging:23.4.1] AndroidManifest.xml:62:17-82
244            <meta-data
244-->[com.google.firebase:firebase-crashlytics-ktx:18.6.3] AndroidManifest.xml:24:13-26:85
245                android:name="com.google.firebase.components:com.google.firebase.crashlytics.ktx.FirebaseCrashlyticsKtxRegistrar"
245-->[com.google.firebase:firebase-crashlytics-ktx:18.6.3] AndroidManifest.xml:25:17-130
246                android:value="com.google.firebase.components.ComponentRegistrar" />
246-->[com.google.firebase:firebase-crashlytics-ktx:18.6.3] AndroidManifest.xml:26:17-82
247            <meta-data
247-->[com.google.firebase:firebase-analytics-ktx:21.6.1] AndroidManifest.xml:11:13-13:85
248                android:name="com.google.firebase.components:com.google.firebase.analytics.ktx.FirebaseAnalyticsLegacyRegistrar"
248-->[com.google.firebase:firebase-analytics-ktx:21.6.1] AndroidManifest.xml:12:17-129
249                android:value="com.google.firebase.components.ComponentRegistrar" />
249-->[com.google.firebase:firebase-analytics-ktx:21.6.1] AndroidManifest.xml:13:17-82
250            <meta-data
250-->[com.google.firebase:firebase-crashlytics:18.6.3] AndroidManifest.xml:15:13-17:85
251                android:name="com.google.firebase.components:com.google.firebase.crashlytics.FirebaseCrashlyticsKtxRegistrar"
251-->[com.google.firebase:firebase-crashlytics:18.6.3] AndroidManifest.xml:16:17-126